'[2m2019-10-28 14:12:02.860[0;39m [32m INFO[0;39m [35m77340[0;39m [2m---[0;39m [2m[           main][0;39m [36mcom.zygh.webapi.WebapiApplication       [0;39m [2m:[0;39m Starting WebapiApplication on zhuhongyudeiMac.local with PID 77340 (/Users/zhuhongyu/Workspace/epolice/webapi/target/classes started by zhuhongyu in /Users/zhuhongyu/Workspace/epolice)
''[2m2019-10-28 14:12:02.863[0;39m [32m INFO[0;39m [35m77340[0;39m [2m---[0;39m [2m[           main][0;39m [36mcom.zygh.webapi.WebapiApplication       [0;39m [2m:[0;39m The following profiles are active: dev
''[2m2019-10-28 14:12:03.836[0;39m [32m INFO[0;39m [35m77340[0;39m [2m---[0;39m [2m[           main][0;39m [36mtrationDelegate$BeanPostProcessorChecker[0;39m [2m:[0;39m Bean 'org.springframework.transaction.annotation.ProxyTransactionManagementConfiguration' of type [org.springframework.transaction.annotation.ProxyTransactionManagementConfiguration$$EnhancerBySpringCGLIB$$21cf8a8c] is not eligible for getting processed by all BeanPostProcessors (for example: not eligible for auto-proxying)
''[2m2019-10-28 14:12:04.073[0;39m [33m WARN[0;39m [35m77340[0;39m [2m---[0;39m [2m[           main][0;39m [36mio.undertow.websockets.jsr              [0;39m [2m:[0;39m UT026010: Buffer pool was not set on WebSocketDeploymentInfo, the default pool will be used
''[2m2019-10-28 14:12:04.087[0;39m [32m INFO[0;39m [35m77340[0;39m [2m---[0;39m [2m[           main][0;39m [36mio.undertow.servlet                     [0;39m [2m:[0;39m Initializing Spring embedded WebApplicationContext
''[2m2019-10-28 14:12:04.088[0;39m [32m INFO[0;39m [35m77340[0;39m [2m---[0;39m [2m[           main][0;39m [36mo.s.web.context.ContextLoader           [0;39m [2m:[0;39m Root WebApplicationContext: initialization completed in 1204 ms
''[2m2019-10-28 14:12:04.557[0;39m [32m INFO[0;39m [35m77340[0;39m [2m---[0;39m [2m[           main][0;39m [36mo.s.b.a.e.web.ServletEndpointRegistrar  [0;39m [2m:[0;39m Registered '/actuator/jolokia' to jolokia-actuator-endpoint
''[2m2019-10-28 14:12:04.993[0;39m [32m INFO[0;39m [35m77340[0;39m [2m---[0;39m [2m[           main][0;39m [36mo.s.b.a.e.web.EndpointLinksResolver     [0;39m [2m:[0;39m Exposing 17 endpoint(s) beneath base path '/actuator'
''[2m2019-10-28 14:12:05.157[0;39m [32m INFO[0;39m [35m77340[0;39m [2m---[0;39m [2m[           main][0;39m [36mo.s.s.web.DefaultSecurityFilterChain    [0;39m [2m:[0;39m Creating filter chain: any request, [org.springframework.security.web.context.request.async.WebAsyncManagerIntegrationFilter@487cd177, org.springframework.security.web.context.SecurityContextPersistenceFilter@3b9ac754, org.springframework.security.web.header.HeaderWriterFilter@5c931134, org.springframework.security.web.authentication.logout.LogoutFilter@16ee9aa7, com.zygh.webapi.security.JwtAuthenticationTokenFilter@e95595b, org.springframework.security.web.savedrequest.RequestCacheAwareFilter@4f820f42, org.springframework.security.web.servletapi.SecurityContextHolderAwareRequestFilter@443a53df, org.springframework.security.web.authentication.AnonymousAuthenticationFilter@324b6a56, org.springframework.security.web.session.SessionManagementFilter@22d8f4ed, org.springframework.security.web.access.ExceptionTranslationFilter@353f472a, org.springframework.security.web.access.intercept.FilterSecurityInterceptor@6cbb175]
''[2m2019-10-28 14:12:05.173[0;39m [32m INFO[0;39m [35m77340[0;39m [2m---[0;39m [2m[           main][0;39m [36mpertySourcedRequestMappingHandlerMapping[0;39m [2m:[0;39m Mapped URL path [/v2/api-docs] onto method [public org.springframework.http.ResponseEntity<springfox.documentation.spring.web.json.Json> springfox.documentation.swagger2.web.Swagger2Controller.getDocumentation(java.lang.String,javax.servlet.http.HttpServletRequest)]
''[2m2019-10-28 14:12:05.391[0;39m [32m INFO[0;39m [35m77340[0;39m [2m---[0;39m [2m[           main][0;39m [36mo.s.s.c.ThreadPoolTaskScheduler         [0;39m [2m:[0;39m Initializing ExecutorService
''[2m2019-10-28 14:12:05.498[0;39m [32m INFO[0;39m [35m77340[0;39m [2m---[0;39m [2m[           main][0;39m [36md.s.w.p.DocumentationPluginsBootstrapper[0;39m [2m:[0;39m Context refreshed
''[2m2019-10-28 14:12:05.510[0;39m [32m INFO[0;39m [35m77340[0;39m [2m---[0;39m [2m[           main][0;39m [36md.s.w.p.DocumentationPluginsBootstrapper[0;39m [2m:[0;39m Found 1 custom documentation plugin(s)
''[2m2019-10-28 14:12:05.536[0;39m [32m INFO[0;39m [35m77340[0;39m [2m---[0;39m [2m[           main][0;39m [36ms.d.s.w.s.ApiListingReferenceScanner    [0;39m [2m:[0;39m Scanning for api listing references
''[2m2019-10-28 14:12:05.659[0;39m [32m INFO[0;39m [35m77340[0;39m [2m---[0;39m [2m[           main][0;39m [36m.d.s.w.r.o.CachingOperationNameGenerator[0;39m [2m:[0;39m Generating unique operation named: getUsingGET_1
''[2m2019-10-28 14:12:05.664[0;39m [32m INFO[0;39m [35m77340[0;39m [2m---[0;39m [2m[           main][0;39m [36m.d.s.w.r.o.CachingOperationNameGenerator[0;39m [2m:[0;39m Generating unique operation named: updateUsingPOST_1
''[2m2019-10-28 14:12:05.670[0;39m [32m INFO[0;39m [35m77340[0;39m [2m---[0;39m [2m[           main][0;39m [36m.d.s.w.r.o.CachingOperationNameGenerator[0;39m [2m:[0;39m Generating unique operation named: addUsingPOST_1
''[2m2019-10-28 14:12:05.671[0;39m [32m INFO[0;39m [35m77340[0;39m [2m---[0;39m [2m[           main][0;39m [36m.d.s.w.r.o.CachingOperationNameGenerator[0;39m [2m:[0;39m Generating unique operation named: getListUsingGET_1
''[2m2019-10-28 14:12:05.672[0;39m [32m INFO[0;39m [35m77340[0;39m [2m---[0;39m [2m[           main][0;39m [36m.d.s.w.r.o.CachingOperationNameGenerator[0;39m [2m:[0;39m Generating unique operation named: updateUsingPOST_2
''[2m2019-10-28 14:12:05.673[0;39m [32m INFO[0;39m [35m77340[0;39m [2m---[0;39m [2m[           main][0;39m [36m.d.s.w.r.o.CachingOperationNameGenerator[0;39m [2m:[0;39m Generating unique operation named: getUsingGET_2
''[2m2019-10-28 14:12:05.676[0;39m [32m INFO[0;39m [35m77340[0;39m [2m---[0;39m [2m[           main][0;39m [36m.d.s.w.r.o.CachingOperationNameGenerator[0;39m [2m:[0;39m Generating unique operation named: queryFilterUsingPOST_1
''[2m2019-10-28 14:12:05.678[0;39m [32m INFO[0;39m [35m77340[0;39m [2m---[0;39m [2m[           main][0;39m [36m.d.s.w.r.o.CachingOperationNameGenerator[0;39m [2m:[0;39m Generating unique operation named: getListUsingGET_2
''[2m2019-10-28 14:12:05.679[0;39m [32m INFO[0;39m [35m77340[0;39m [2m---[0;39m [2m[           main][0;39m [36m.d.s.w.r.o.CachingOperationNameGenerator[0;39m [2m:[0;39m Generating unique operation named: updateUsingPOST_3
''[2m2019-10-28 14:12:05.683[0;39m [32m INFO[0;39m [35m77340[0;39m [2m---[0;39m [2m[           main][0;39m [36m.d.s.w.r.o.CachingOperationNameGenerator[0;39m [2m:[0;39m Generating unique operation named: getListUsingGET_3
''[2m2019-10-28 14:12:05.684[0;39m [32m INFO[0;39m [35m77340[0;39m [2m---[0;39m [2m[           main][0;39m [36m.d.s.w.r.o.CachingOperationNameGenerator[0;39m [2m:[0;39m Generating unique operation named: updateDepartmentUsingPOST_1
''[2m2019-10-28 14:12:05.707[0;39m [32m INFO[0;39m [35m77340[0;39m [2m---[0;39m [2m[           main][0;39m [36morg.xnio                                [0;39m [2m:[0;39m XNIO version 3.3.8.Final
''[2m2019-10-28 14:12:05.713[0;39m [32m INFO[0;39m [35m77340[0;39m [2m---[0;39m [2m[           main][0;39m [36morg.xnio.nio                            [0;39m [2m:[0;39m XNIO NIO Implementation Version 3.3.8.Final
''[2m2019-10-28 14:12:05.773[0;39m [32m INFO[0;39m [35m77340[0;39m [2m---[0;39m [2m[           main][0;39m [36mo.s.b.w.e.u.UndertowServletWebServer    [0;39m [2m:[0;39m Undertow started on port(s) 8087 (http) with context path ''
''[2m2019-10-28 14:12:05.776[0;39m [32m INFO[0;39m [35m77340[0;39m [2m---[0;39m [2m[           main][0;39m [36mcom.zygh.webapi.WebapiApplication       [0;39m [2m:[0;39m Started WebapiApplication in 18.165 seconds (JVM running for 23.522)
''[2m2019-10-28 14:12:05.990[0;39m [32m INFO[0;39m [35m77340[0;39m [2m---[0;39m [2m[-192.168.100.45][0;39m [36mcom.zaxxer.hikari.HikariDataSource      [0;39m [2m:[0;39m DatebookHikariCP - Starting...
''[2m2019-10-28 14:12:05.992[0;39m [32m INFO[0;39m [35m77340[0;39m [2m---[0;39m [2m[-192.168.100.45][0;39m [36mio.undertow.servlet                     [0;39m [2m:[0;39m Initializing Spring DispatcherServlet 'dispatcherServlet'
''[2m2019-10-28 14:12:05.992[0;39m [32m INFO[0;39m [35m77340[0;39m [2m---[0;39m [2m[-192.168.100.45][0;39m [36mo.s.web.servlet.DispatcherServlet       [0;39m [2m:[0;39m Initializing Servlet 'dispatcherServlet'
''[2m2019-10-28 14:12:05.999[0;39m [32m INFO[0;39m [35m77340[0;39m [2m---[0;39m [2m[-192.168.100.45][0;39m [36mo.s.web.servlet.DispatcherServlet       [0;39m [2m:[0;39m Completed initialization in 7 ms
''[2m2019-10-28 14:12:06.131[0;39m [32m INFO[0;39m [35m77340[0;39m [2m---[0;39m [2m[-192.168.100.45][0;39m [36mcom.zaxxer.hikari.HikariDataSource      [0;39m [2m:[0;39m DatebookHikariCP - Start completed.
''[2m2019-10-28 14:12:20.890[0;39m [32m INFO[0;39m [35m77340[0;39m [2m---[0;39m [2m[gistrationTask1][0;39m [36md.c.b.a.c.r.ApplicationRegistrator      [0;39m [2m:[0;39m Application registered itself as 258adf9d1b4c
''[2m2019-10-28 14:13:42.236[0;39m [32m INFO[0;39m [35m77340[0;39m [2m---[0;39m [2m[      Thread-38][0;39m [36mo.s.s.c.ThreadPoolTaskScheduler         [0;39m [2m:[0;39m Shutting down ExecutorService
''[2m2019-10-28 14:13:42.239[0;39m [32m INFO[0;39m [35m77340[0;39m [2m---[0;39m [2m[      Thread-38][0;39m [36mcom.zaxxer.hikari.HikariDataSource      [0;39m [2m:[0;39m DatebookHikariCP - Shutdown initiated...
''[2m2019-10-28 14:13:42.242[0;39m [32m INFO[0;39m [35m77340[0;39m [2m---[0;39m [2m[      Thread-38][0;39m [36mcom.zaxxer.hikari.HikariDataSource      [0;39m [2m:[0;39m DatebookHikariCP - Shutdown completed.
''[2m2019-10-28 14:13:42.244[0;39m [32m INFO[0;39m [35m77340[0;39m [2m---[0;39m [2m[      Thread-38][0;39m [36mio.undertow.servlet                     [0;39m [2m:[0;39m Destroying Spring FrameworkServlet 'dispatcherServlet'
'