2019-11-21 11:00:30.614 INFO  --- com.zygh.webapi.WebapiApplication --- com.zygh.webapi.WebapiApplication:50:
Starting WebapiApplication on zhuhongyudeiMac.local with PID 7359 (/Users/zhuhongyu/Workspace/epolice/webapi/target/classes started by zhuhongyu in /Users/zhuhongyu/Workspace/epolice)
2019-11-21 11:00:30.616 INFO  --- com.zygh.webapi.WebapiApplication --- com.zygh.webapi.WebapiApplication:652:
The following profiles are active: dev
2019-11-21 11:00:32.094 INFO  --- o.s.d.r.c.RepositoryConfigurationDelegate --- org.springframework.data.repository.config.RepositoryConfigurationDelegate:244:
Multiple Spring Data modules found, entering strict repository configuration mode!
2019-11-21 11:00:32.119 INFO  --- o.s.d.r.c.RepositoryConfigurationDelegate --- org.springframework.data.repository.config.RepositoryConfigurationDelegate:126:
Bootstrapping Spring Data repositories in DEFAULT mode.
2019-11-21 11:00:32.197 INFO  --- o.s.d.r.c.RepositoryConfigurationDelegate --- org.springframework.data.repository.config.RepositoryConfigurationDelegate:182:
Finished Spring Data repository scanning in 18ms. Found 0 repository interfaces.
2019-11-21 11:00:32.574 INFO  --- o.s.c.s.PostProcessorRegistrationDelegate$BeanPostProcessorChecker --- org.springframework.context.support.PostProcessorRegistrationDelegate$BeanPostProcessorChecker:330:
Bean 'redisConfig' of type [com.zygh.webapi.config.RedisConfig$$EnhancerBySpringCGLIB$$ad330af] is not eligible for getting processed by all BeanPostProcessors (for example: not eligible for auto-proxying)
2019-11-21 11:00:32.722 INFO  --- o.s.c.s.PostProcessorRegistrationDelegate$BeanPostProcessorChecker --- org.springframework.context.support.PostProcessorRegistrationDelegate$BeanPostProcessorChecker:330:
Bean 'org.springframework.transaction.annotation.ProxyTransactionManagementConfiguration' of type [org.springframework.transaction.annotation.ProxyTransactionManagementConfiguration$$EnhancerBySpringCGLIB$$b3a53d2] is not eligible for getting processed by all BeanPostProcessors (for example: not eligible for auto-proxying)
2019-11-21 11:00:32.935 WARN  --- io.undertow.websockets.jsr --- io.undertow.websockets.jsr:68:
UT026010: Buffer pool was not set on WebSocketDeploymentInfo, the default pool will be used
2019-11-21 11:00:32.948 INFO  --- io.undertow.servlet --- io.undertow.servlet:364:
Initializing Spring embedded WebApplicationContext
2019-11-21 11:00:32.949 INFO  --- o.s.web.context.ContextLoader --- org.springframework.web.context.ContextLoader:284:
Root WebApplicationContext: initialization completed in 2312 ms
2019-11-21 11:00:34.196 INFO  --- o.s.b.a.e.w.ServletEndpointRegistrar --- org.springframework.boot.actuate.endpoint.web.ServletEndpointRegistrar:74:
Registered '/actuator/jolokia' to jolokia-actuator-endpoint
2019-11-21 11:00:34.896 INFO  --- o.s.b.a.e.web.EndpointLinksResolver --- org.springframework.boot.actuate.endpoint.web.EndpointLinksResolver:58:
Exposing 17 endpoint(s) beneath base path '/actuator'
2019-11-21 11:00:35.278 INFO  --- o.s.s.web.DefaultSecurityFilterChain --- org.springframework.security.web.DefaultSecurityFilterChain:43:
Creating filter chain: any request, [org.springframework.security.web.context.request.async.WebAsyncManagerIntegrationFilter@4ad896f7, org.springframework.security.web.context.SecurityContextPersistenceFilter@4f8659d0, org.springframework.security.web.header.HeaderWriterFilter@2d6a0766, org.springframework.security.web.authentication.logout.LogoutFilter@4492b393, com.zygh.webapi.security.JwtAuthenticationTokenFilter@14d8e132, org.springframework.security.web.savedrequest.RequestCacheAwareFilter@3b4bd341, org.springframework.security.web.servletapi.SecurityContextHolderAwareRequestFilter@20820df0, org.springframework.security.web.authentication.AnonymousAuthenticationFilter@c318864, org.springframework.security.web.session.SessionManagementFilter@350bbd5d, org.springframework.security.web.access.ExceptionTranslationFilter@22ca1242, org.springframework.security.web.access.intercept.FilterSecurityInterceptor@191f4d65]
2019-11-21 11:00:35.288 INFO  --- s.d.s.w.PropertySourcedRequestMappingHandlerMapping --- springfox.documentation.spring.web.PropertySourcedRequestMappingHandlerMapping:69:
Mapped URL path [/v2/api-docs] onto method [public org.springframework.http.ResponseEntity<springfox.documentation.spring.web.json.Json> springfox.documentation.swagger2.web.Swagger2Controller.getDocumentation(java.lang.String,javax.servlet.http.HttpServletRequest)]
2019-11-21 11:00:35.299 INFO  --- o.s.s.c.ThreadPoolTaskExecutor --- org.springframework.scheduling.concurrent.ThreadPoolTaskExecutor:171:
Initializing ExecutorService
2019-11-21 11:00:35.300 INFO  --- o.s.s.c.ThreadPoolTaskExecutor --- org.springframework.scheduling.concurrent.ThreadPoolTaskExecutor:171:
Initializing ExecutorService 'taskExecutor'
2019-11-21 11:00:35.601 INFO  --- o.s.s.c.ThreadPoolTaskScheduler --- org.springframework.scheduling.concurrent.ThreadPoolTaskScheduler:171:
Initializing ExecutorService
2019-11-21 11:00:35.952 INFO  --- o.s.s.c.ThreadPoolTaskScheduler --- org.springframework.scheduling.concurrent.ThreadPoolTaskScheduler:171:
Initializing ExecutorService 'taskScheduler'
2019-11-21 11:00:36.001 INFO  --- s.d.s.w.p.DocumentationPluginsBootstrapper --- springfox.documentation.spring.web.plugins.DocumentationPluginsBootstrapper:160:
Context refreshed
2019-11-21 11:00:36.011 INFO  --- s.d.s.w.p.DocumentationPluginsBootstrapper --- springfox.documentation.spring.web.plugins.DocumentationPluginsBootstrapper:163:
Found 1 custom documentation plugin(s)
2019-11-21 11:00:36.038 INFO  --- s.d.s.w.s.ApiListingReferenceScanner --- springfox.documentation.spring.web.scanners.ApiListingReferenceScanner:41:
Scanning for api listing references
2019-11-21 11:00:36.177 INFO  --- s.d.s.w.r.o.CachingOperationNameGenerator --- springfox.documentation.spring.web.readers.operation.CachingOperationNameGenerator:40:
Generating unique operation named: getListUsingGET_1
2019-11-21 11:00:36.183 INFO  --- s.d.s.w.r.o.CachingOperationNameGenerator --- springfox.documentation.spring.web.readers.operation.CachingOperationNameGenerator:40:
Generating unique operation named: addUsingPOST_1
2019-11-21 11:00:36.185 INFO  --- s.d.s.w.r.o.CachingOperationNameGenerator --- springfox.documentation.spring.web.readers.operation.CachingOperationNameGenerator:40:
Generating unique operation named: getListUsingGET_2
2019-11-21 11:00:36.186 INFO  --- s.d.s.w.r.o.CachingOperationNameGenerator --- springfox.documentation.spring.web.readers.operation.CachingOperationNameGenerator:40:
Generating unique operation named: removeUsingPOST_1
2019-11-21 11:00:36.188 INFO  --- s.d.s.w.r.o.CachingOperationNameGenerator --- springfox.documentation.spring.web.readers.operation.CachingOperationNameGenerator:40:
Generating unique operation named: updateUsingPOST_1
2019-11-21 11:00:36.191 INFO  --- s.d.s.w.r.o.CachingOperationNameGenerator --- springfox.documentation.spring.web.readers.operation.CachingOperationNameGenerator:40:
Generating unique operation named: addUsingPOST_2
2019-11-21 11:00:36.192 INFO  --- s.d.s.w.r.o.CachingOperationNameGenerator --- springfox.documentation.spring.web.readers.operation.CachingOperationNameGenerator:40:
Generating unique operation named: getListUsingGET_3
2019-11-21 11:00:36.194 INFO  --- s.d.s.w.r.o.CachingOperationNameGenerator --- springfox.documentation.spring.web.readers.operation.CachingOperationNameGenerator:40:
Generating unique operation named: updateUsingPOST_2
2019-11-21 11:00:36.196 INFO  --- s.d.s.w.r.o.CachingOperationNameGenerator --- springfox.documentation.spring.web.readers.operation.CachingOperationNameGenerator:40:
Generating unique operation named: addUsingPOST_3
2019-11-21 11:00:36.198 INFO  --- s.d.s.w.r.o.CachingOperationNameGenerator --- springfox.documentation.spring.web.readers.operation.CachingOperationNameGenerator:40:
Generating unique operation named: getListUsingGET_4
2019-11-21 11:00:36.199 INFO  --- s.d.s.w.r.o.CachingOperationNameGenerator --- springfox.documentation.spring.web.readers.operation.CachingOperationNameGenerator:40:
Generating unique operation named: removeUsingPOST_2
2019-11-21 11:00:36.201 INFO  --- s.d.s.w.r.o.CachingOperationNameGenerator --- springfox.documentation.spring.web.readers.operation.CachingOperationNameGenerator:40:
Generating unique operation named: updateUsingPOST_3
2019-11-21 11:00:36.227 INFO  --- s.d.s.w.r.o.CachingOperationNameGenerator --- springfox.documentation.spring.web.readers.operation.CachingOperationNameGenerator:40:
Generating unique operation named: addUsingPOST_4
2019-11-21 11:00:36.230 INFO  --- s.d.s.w.r.o.CachingOperationNameGenerator --- springfox.documentation.spring.web.readers.operation.CachingOperationNameGenerator:40:
Generating unique operation named: getListUsingGET_5
2019-11-21 11:00:36.233 INFO  --- s.d.s.w.r.o.CachingOperationNameGenerator --- springfox.documentation.spring.web.readers.operation.CachingOperationNameGenerator:40:
Generating unique operation named: addUsingPOST_5
2019-11-21 11:00:36.234 INFO  --- s.d.s.w.r.o.CachingOperationNameGenerator --- springfox.documentation.spring.web.readers.operation.CachingOperationNameGenerator:40:
Generating unique operation named: getListUsingGET_6
2019-11-21 11:00:36.235 INFO  --- s.d.s.w.r.o.CachingOperationNameGenerator --- springfox.documentation.spring.web.readers.operation.CachingOperationNameGenerator:40:
Generating unique operation named: removeUsingPOST_3
2019-11-21 11:00:36.236 INFO  --- s.d.s.w.r.o.CachingOperationNameGenerator --- springfox.documentation.spring.web.readers.operation.CachingOperationNameGenerator:40:
Generating unique operation named: updateUsingPOST_4
2019-11-21 11:00:36.238 INFO  --- s.d.s.w.r.o.CachingOperationNameGenerator --- springfox.documentation.spring.web.readers.operation.CachingOperationNameGenerator:40:
Generating unique operation named: addUsingPOST_6
2019-11-21 11:00:36.239 INFO  --- s.d.s.w.r.o.CachingOperationNameGenerator --- springfox.documentation.spring.web.readers.operation.CachingOperationNameGenerator:40:
Generating unique operation named: getListUsingGET_7
2019-11-21 11:00:36.240 INFO  --- s.d.s.w.r.o.CachingOperationNameGenerator --- springfox.documentation.spring.web.readers.operation.CachingOperationNameGenerator:40:
Generating unique operation named: updateUsingPOST_5
2019-11-21 11:00:36.243 INFO  --- s.d.s.w.r.o.CachingOperationNameGenerator --- springfox.documentation.spring.web.readers.operation.CachingOperationNameGenerator:40:
Generating unique operation named: checkLicenseNumberUsingGET_1
2019-11-21 11:00:36.244 INFO  --- s.d.s.w.r.o.CachingOperationNameGenerator --- springfox.documentation.spring.web.readers.operation.CachingOperationNameGenerator:40:
Generating unique operation named: countUsingPOST_1
2019-11-21 11:00:36.246 INFO  --- s.d.s.w.r.o.CachingOperationNameGenerator --- springfox.documentation.spring.web.readers.operation.CachingOperationNameGenerator:40:
Generating unique operation named: getUsingGET_1
2019-11-21 11:00:36.247 INFO  --- s.d.s.w.r.o.CachingOperationNameGenerator --- springfox.documentation.spring.web.readers.operation.CachingOperationNameGenerator:40:
Generating unique operation named: getByIdUsingGET_1
2019-11-21 11:00:36.248 INFO  --- s.d.s.w.r.o.CachingOperationNameGenerator --- springfox.documentation.spring.web.readers.operation.CachingOperationNameGenerator:40:
Generating unique operation named: getNextUsingGET_1
2019-11-21 11:00:36.249 INFO  --- s.d.s.w.r.o.CachingOperationNameGenerator --- springfox.documentation.spring.web.readers.operation.CachingOperationNameGenerator:40:
Generating unique operation named: getPrevUsingGET_1
2019-11-21 11:00:36.250 INFO  --- s.d.s.w.r.o.CachingOperationNameGenerator --- springfox.documentation.spring.web.readers.operation.CachingOperationNameGenerator:40:
Generating unique operation named: invalidUsingPOST_1
2019-11-21 11:00:36.251 INFO  --- s.d.s.w.r.o.CachingOperationNameGenerator --- springfox.documentation.spring.web.readers.operation.CachingOperationNameGenerator:40:
Generating unique operation named: passUsingPOST_1
2019-11-21 11:00:36.252 INFO  --- s.d.s.w.r.o.CachingOperationNameGenerator --- springfox.documentation.spring.web.readers.operation.CachingOperationNameGenerator:40:
Generating unique operation named: pickupUsingPOST_1
2019-11-21 11:00:36.253 INFO  --- s.d.s.w.r.o.CachingOperationNameGenerator --- springfox.documentation.spring.web.readers.operation.CachingOperationNameGenerator:40:
Generating unique operation named: queryFilterUsingPOST_1
2019-11-21 11:00:36.254 INFO  --- s.d.s.w.r.o.CachingOperationNameGenerator --- springfox.documentation.spring.web.readers.operation.CachingOperationNameGenerator:40:
Generating unique operation named: querySearchUsingPOST_1
2019-11-21 11:00:36.255 INFO  --- s.d.s.w.r.o.CachingOperationNameGenerator --- springfox.documentation.spring.web.readers.operation.CachingOperationNameGenerator:40:
Generating unique operation named: releaseUsingPOST_1
2019-11-21 11:00:36.256 INFO  --- s.d.s.w.r.o.CachingOperationNameGenerator --- springfox.documentation.spring.web.readers.operation.CachingOperationNameGenerator:40:
Generating unique operation named: todayCountUsingGET_1
2019-11-21 11:00:36.344 INFO  --- s.d.s.w.r.o.CachingOperationNameGenerator --- springfox.documentation.spring.web.readers.operation.CachingOperationNameGenerator:40:
Generating unique operation named: updateLicenseNumberUsingPOST_1
2019-11-21 11:00:36.354 INFO  --- s.d.s.w.r.o.CachingOperationNameGenerator --- springfox.documentation.spring.web.readers.operation.CachingOperationNameGenerator:40:
Generating unique operation named: addUsingPOST_7
2019-11-21 11:00:36.355 INFO  --- s.d.s.w.r.o.CachingOperationNameGenerator --- springfox.documentation.spring.web.readers.operation.CachingOperationNameGenerator:40:
Generating unique operation named: getListUsingGET_8
2019-11-21 11:00:36.356 INFO  --- s.d.s.w.r.o.CachingOperationNameGenerator --- springfox.documentation.spring.web.readers.operation.CachingOperationNameGenerator:40:
Generating unique operation named: updateUsingPOST_6
2019-11-21 11:00:36.358 INFO  --- s.d.s.w.r.o.CachingOperationNameGenerator --- springfox.documentation.spring.web.readers.operation.CachingOperationNameGenerator:40:
Generating unique operation named: addUsingPOST_8
2019-11-21 11:00:36.359 INFO  --- s.d.s.w.r.o.CachingOperationNameGenerator --- springfox.documentation.spring.web.readers.operation.CachingOperationNameGenerator:40:
Generating unique operation named: getListUsingGET_9
2019-11-21 11:00:36.360 INFO  --- s.d.s.w.r.o.CachingOperationNameGenerator --- springfox.documentation.spring.web.readers.operation.CachingOperationNameGenerator:40:
Generating unique operation named: updateUsingPOST_7
2019-11-21 11:00:36.362 INFO  --- s.d.s.w.r.o.CachingOperationNameGenerator --- springfox.documentation.spring.web.readers.operation.CachingOperationNameGenerator:40:
Generating unique operation named: addUsingPOST_9
2019-11-21 11:00:36.362 INFO  --- s.d.s.w.r.o.CachingOperationNameGenerator --- springfox.documentation.spring.web.readers.operation.CachingOperationNameGenerator:40:
Generating unique operation named: getListUsingGET_10
2019-11-21 11:00:36.363 INFO  --- s.d.s.w.r.o.CachingOperationNameGenerator --- springfox.documentation.spring.web.readers.operation.CachingOperationNameGenerator:40:
Generating unique operation named: updateUsingPOST_8
2019-11-21 11:00:36.367 INFO  --- s.d.s.w.r.o.CachingOperationNameGenerator --- springfox.documentation.spring.web.readers.operation.CachingOperationNameGenerator:40:
Generating unique operation named: addUsingPOST_10
2019-11-21 11:00:36.368 INFO  --- s.d.s.w.r.o.CachingOperationNameGenerator --- springfox.documentation.spring.web.readers.operation.CachingOperationNameGenerator:40:
Generating unique operation named: getListUsingGET_11
2019-11-21 11:00:36.369 INFO  --- s.d.s.w.r.o.CachingOperationNameGenerator --- springfox.documentation.spring.web.readers.operation.CachingOperationNameGenerator:40:
Generating unique operation named: updateUsingPOST_9
2019-11-21 11:00:36.370 INFO  --- s.d.s.w.r.o.CachingOperationNameGenerator --- springfox.documentation.spring.web.readers.operation.CachingOperationNameGenerator:40:
Generating unique operation named: getUsingGET_2
2019-11-21 11:00:36.373 INFO  --- s.d.s.w.r.o.CachingOperationNameGenerator --- springfox.documentation.spring.web.readers.operation.CachingOperationNameGenerator:40:
Generating unique operation named: addUsingPOST_11
2019-11-21 11:00:36.374 INFO  --- s.d.s.w.r.o.CachingOperationNameGenerator --- springfox.documentation.spring.web.readers.operation.CachingOperationNameGenerator:40:
Generating unique operation named: checkUsingGET_1
2019-11-21 11:00:36.376 INFO  --- s.d.s.w.r.o.CachingOperationNameGenerator --- springfox.documentation.spring.web.readers.operation.CachingOperationNameGenerator:40:
Generating unique operation named: getListUsingGET_12
2019-11-21 11:00:36.377 INFO  --- s.d.s.w.r.o.CachingOperationNameGenerator --- springfox.documentation.spring.web.readers.operation.CachingOperationNameGenerator:40:
Generating unique operation named: searchUsingGET_1
2019-11-21 11:00:36.379 INFO  --- s.d.s.w.r.o.CachingOperationNameGenerator --- springfox.documentation.spring.web.readers.operation.CachingOperationNameGenerator:40:
Generating unique operation named: checkLicenseNumberUsingGET_2
2019-11-21 11:00:36.380 INFO  --- s.d.s.w.r.o.CachingOperationNameGenerator --- springfox.documentation.spring.web.readers.operation.CachingOperationNameGenerator:40:
Generating unique operation named: countUsingPOST_2
2019-11-21 11:00:36.381 INFO  --- s.d.s.w.r.o.CachingOperationNameGenerator --- springfox.documentation.spring.web.readers.operation.CachingOperationNameGenerator:40:
Generating unique operation named: getUsingGET_3
2019-11-21 11:00:36.383 INFO  --- s.d.s.w.r.o.CachingOperationNameGenerator --- springfox.documentation.spring.web.readers.operation.CachingOperationNameGenerator:40:
Generating unique operation named: getByIdUsingGET_2
2019-11-21 11:00:36.384 INFO  --- s.d.s.w.r.o.CachingOperationNameGenerator --- springfox.documentation.spring.web.readers.operation.CachingOperationNameGenerator:40:
Generating unique operation named: getNextUsingGET_2
2019-11-21 11:00:36.385 INFO  --- s.d.s.w.r.o.CachingOperationNameGenerator --- springfox.documentation.spring.web.readers.operation.CachingOperationNameGenerator:40:
Generating unique operation named: getPrevUsingGET_2
2019-11-21 11:00:36.386 INFO  --- s.d.s.w.r.o.CachingOperationNameGenerator --- springfox.documentation.spring.web.readers.operation.CachingOperationNameGenerator:40:
Generating unique operation named: invalidUsingPOST_2
2019-11-21 11:00:36.387 INFO  --- s.d.s.w.r.o.CachingOperationNameGenerator --- springfox.documentation.spring.web.readers.operation.CachingOperationNameGenerator:40:
Generating unique operation named: passUsingPOST_2
2019-11-21 11:00:36.388 INFO  --- s.d.s.w.r.o.CachingOperationNameGenerator --- springfox.documentation.spring.web.readers.operation.CachingOperationNameGenerator:40:
Generating unique operation named: pickupUsingPOST_2
2019-11-21 11:00:36.389 INFO  --- s.d.s.w.r.o.CachingOperationNameGenerator --- springfox.documentation.spring.web.readers.operation.CachingOperationNameGenerator:40:
Generating unique operation named: queryFilterUsingPOST_2
2019-11-21 11:00:36.390 INFO  --- s.d.s.w.r.o.CachingOperationNameGenerator --- springfox.documentation.spring.web.readers.operation.CachingOperationNameGenerator:40:
Generating unique operation named: querySearchUsingPOST_2
2019-11-21 11:00:36.391 INFO  --- s.d.s.w.r.o.CachingOperationNameGenerator --- springfox.documentation.spring.web.readers.operation.CachingOperationNameGenerator:40:
Generating unique operation named: releaseUsingPOST_2
2019-11-21 11:00:36.392 INFO  --- s.d.s.w.r.o.CachingOperationNameGenerator --- springfox.documentation.spring.web.readers.operation.CachingOperationNameGenerator:40:
Generating unique operation named: todayCountUsingGET_2
2019-11-21 11:00:36.393 INFO  --- s.d.s.w.r.o.CachingOperationNameGenerator --- springfox.documentation.spring.web.readers.operation.CachingOperationNameGenerator:40:
Generating unique operation named: updateLicenseNumberUsingPOST_2
2019-11-21 11:00:36.395 INFO  --- s.d.s.w.r.o.CachingOperationNameGenerator --- springfox.documentation.spring.web.readers.operation.CachingOperationNameGenerator:40:
Generating unique operation named: getListUsingGET_13
2019-11-21 11:00:36.405 INFO  --- s.d.s.w.r.o.CachingOperationNameGenerator --- springfox.documentation.spring.web.readers.operation.CachingOperationNameGenerator:40:
Generating unique operation named: getListUsingGET_14
2019-11-21 11:00:36.408 INFO  --- s.d.s.w.r.o.CachingOperationNameGenerator --- springfox.documentation.spring.web.readers.operation.CachingOperationNameGenerator:40:
Generating unique operation named: updateUserUsingPOST_1
2019-11-21 11:00:36.411 INFO  --- s.d.s.w.r.o.CachingOperationNameGenerator --- springfox.documentation.spring.web.readers.operation.CachingOperationNameGenerator:40:
Generating unique operation named: getListUsingGET_15
2019-11-21 11:00:36.412 INFO  --- s.d.s.w.r.o.CachingOperationNameGenerator --- springfox.documentation.spring.web.readers.operation.CachingOperationNameGenerator:40:
Generating unique operation named: updateDepartmentUsingPOST_1
2019-11-21 11:00:36.414 INFO  --- s.d.s.w.r.o.CachingOperationNameGenerator --- springfox.documentation.spring.web.readers.operation.CachingOperationNameGenerator:40:
Generating unique operation named: addUsingPOST_12
2019-11-21 11:00:36.415 INFO  --- s.d.s.w.r.o.CachingOperationNameGenerator --- springfox.documentation.spring.web.readers.operation.CachingOperationNameGenerator:40:
Generating unique operation named: removeUsingPOST_4
2019-11-21 11:00:36.416 INFO  --- s.d.s.w.r.o.CachingOperationNameGenerator --- springfox.documentation.spring.web.readers.operation.CachingOperationNameGenerator:40:
Generating unique operation named: updateUsingPOST_10
2019-11-21 11:00:36.434 INFO  --- s.d.s.w.r.o.CachingOperationNameGenerator --- springfox.documentation.spring.web.readers.operation.CachingOperationNameGenerator:40:
Generating unique operation named: getUsingGET_4
2019-11-21 11:00:36.435 INFO  --- s.d.s.w.r.o.CachingOperationNameGenerator --- springfox.documentation.spring.web.readers.operation.CachingOperationNameGenerator:40:
Generating unique operation named: getNextUsingGET_3
2019-11-21 11:00:36.436 INFO  --- s.d.s.w.r.o.CachingOperationNameGenerator --- springfox.documentation.spring.web.readers.operation.CachingOperationNameGenerator:40:
Generating unique operation named: getPrevUsingGET_3
2019-11-21 11:00:36.438 INFO  --- s.d.s.w.r.o.CachingOperationNameGenerator --- springfox.documentation.spring.web.readers.operation.CachingOperationNameGenerator:40:
Generating unique operation named: addUsingPOST_13
2019-11-21 11:00:36.439 INFO  --- s.d.s.w.r.o.CachingOperationNameGenerator --- springfox.documentation.spring.web.readers.operation.CachingOperationNameGenerator:40:
Generating unique operation named: getListUsingGET_16
2019-11-21 11:00:36.441 INFO  --- s.d.s.w.r.o.CachingOperationNameGenerator --- springfox.documentation.spring.web.readers.operation.CachingOperationNameGenerator:40:
Generating unique operation named: getUsingGET_5
2019-11-21 11:00:36.442 INFO  --- s.d.s.w.r.o.CachingOperationNameGenerator --- springfox.documentation.spring.web.readers.operation.CachingOperationNameGenerator:40:
Generating unique operation named: searchUsingPOST_1
2019-11-21 11:00:36.444 INFO  --- s.d.s.w.r.o.CachingOperationNameGenerator --- springfox.documentation.spring.web.readers.operation.CachingOperationNameGenerator:40:
Generating unique operation named: addUsingPOST_14
2019-11-21 11:00:36.445 INFO  --- s.d.s.w.r.o.CachingOperationNameGenerator --- springfox.documentation.spring.web.readers.operation.CachingOperationNameGenerator:40:
Generating unique operation named: checkUsingGET_2
2019-11-21 11:00:36.474 INFO  --- org.xnio --- org.xnio:104:
XNIO version 3.3.8.Final
2019-11-21 11:00:36.479 INFO  --- org.xnio.nio --- org.xnio.nio:55:
XNIO NIO Implementation Version 3.3.8.Final
2019-11-21 11:00:36.538 INFO  --- o.s.b.w.e.u.UndertowServletWebServer --- org.springframework.boot.web.embedded.undertow.UndertowServletWebServer:144:
Undertow started on port(s) 8087 (http) with context path ''
2019-11-21 11:00:36.540 INFO  --- com.zygh.webapi.WebapiApplication --- com.zygh.webapi.WebapiApplication:59:
Started WebapiApplication in 26.204 seconds (JVM running for 31.659)
2019-11-21 11:00:37.061 INFO  --- com.zaxxer.hikari.HikariDataSource --- com.zaxxer.hikari.HikariDataSource:110:
DatebookHikariCP - Starting...
2019-11-21 11:00:37.063 INFO  --- io.undertow.servlet --- io.undertow.servlet:364:
Initializing Spring DispatcherServlet 'dispatcherServlet'
2019-11-21 11:00:37.063 INFO  --- o.s.web.servlet.DispatcherServlet --- org.springframework.web.servlet.DispatcherServlet:524:
Initializing Servlet 'dispatcherServlet'
2019-11-21 11:00:37.072 INFO  --- o.s.web.servlet.DispatcherServlet --- org.springframework.web.servlet.DispatcherServlet:546:
Completed initialization in 9 ms
2019-11-21 11:00:37.187 INFO  --- com.zaxxer.hikari.HikariDataSource --- com.zaxxer.hikari.HikariDataSource:123:
DatebookHikariCP - Start completed.
2019-11-21 11:00:37.490 INFO  --- io.lettuce.core.EpollProvider --- io.lettuce.core.EpollProvider:68:
Starting without optional epoll library
2019-11-21 11:00:37.491 INFO  --- io.lettuce.core.KqueueProvider --- io.lettuce.core.KqueueProvider:70:
Starting without optional kqueue library
2019-11-21 11:00:56.836 INFO  --- d.c.b.a.c.r.ApplicationRegistrator --- de.codecentric.boot.admin.client.registration.ApplicationRegistrator:98:
Application registered itself as 258adf9d1b4c
2019-11-21 11:09:40.828 INFO  --- o.s.s.c.ThreadPoolTaskScheduler --- org.springframework.scheduling.concurrent.ThreadPoolTaskScheduler:208:
Shutting down ExecutorService 'taskScheduler'
2019-11-21 11:09:40.832 INFO  --- o.s.s.c.ThreadPoolTaskScheduler --- org.springframework.scheduling.concurrent.ThreadPoolTaskScheduler:208:
Shutting down ExecutorService
2019-11-21 11:09:40.835 INFO  --- o.s.s.c.ThreadPoolTaskExecutor --- org.springframework.scheduling.concurrent.ThreadPoolTaskExecutor:208:
Shutting down ExecutorService 'taskExecutor'
2019-11-21 11:09:40.840 INFO  --- com.zaxxer.hikari.HikariDataSource --- com.zaxxer.hikari.HikariDataSource:350:
DatebookHikariCP - Shutdown initiated...
2019-11-21 11:09:40.843 INFO  --- com.zaxxer.hikari.HikariDataSource --- com.zaxxer.hikari.HikariDataSource:352:
DatebookHikariCP - Shutdown completed.
2019-11-21 11:09:42.012 INFO  --- io.undertow.servlet --- io.undertow.servlet:364:
Destroying Spring FrameworkServlet 'dispatcherServlet'
2019-11-21 11:10:09.367 INFO  --- com.zygh.webapi.WebapiApplication --- com.zygh.webapi.WebapiApplication:50:
Starting WebapiApplication on zhuhongyudeiMac.local with PID 7407 (/Users/zhuhongyu/Workspace/epolice/webapi/target/classes started by zhuhongyu in /Users/zhuhongyu/Workspace/epolice)
2019-11-21 11:10:09.369 INFO  --- com.zygh.webapi.WebapiApplication --- com.zygh.webapi.WebapiApplication:652:
The following profiles are active: dev
2019-11-21 11:10:10.212 INFO  --- o.s.d.r.c.RepositoryConfigurationDelegate --- org.springframework.data.repository.config.RepositoryConfigurationDelegate:244:
Multiple Spring Data modules found, entering strict repository configuration mode!
2019-11-21 11:10:10.213 INFO  --- o.s.d.r.c.RepositoryConfigurationDelegate --- org.springframework.data.repository.config.RepositoryConfigurationDelegate:126:
Bootstrapping Spring Data repositories in DEFAULT mode.
2019-11-21 11:10:10.236 INFO  --- o.s.d.r.c.RepositoryConfigurationDelegate --- org.springframework.data.repository.config.RepositoryConfigurationDelegate:182:
Finished Spring Data repository scanning in 14ms. Found 0 repository interfaces.
2019-11-21 11:10:10.514 INFO  --- o.s.c.s.PostProcessorRegistrationDelegate$BeanPostProcessorChecker --- org.springframework.context.support.PostProcessorRegistrationDelegate$BeanPostProcessorChecker:330:
Bean 'redisConfig' of type [com.zygh.webapi.config.RedisConfig$$EnhancerBySpringCGLIB$$9eedc9af] is not eligible for getting processed by all BeanPostProcessors (for example: not eligible for auto-proxying)
2019-11-21 11:10:10.627 INFO  --- o.s.c.s.PostProcessorRegistrationDelegate$BeanPostProcessorChecker --- org.springframework.context.support.PostProcessorRegistrationDelegate$BeanPostProcessorChecker:330:
Bean 'org.springframework.transaction.annotation.ProxyTransactionManagementConfiguration' of type [org.springframework.transaction.annotation.ProxyTransactionManagementConfiguration$$EnhancerBySpringCGLIB$$9f54ecd2] is not eligible for getting processed by all BeanPostProcessors (for example: not eligible for auto-proxying)
2019-11-21 11:10:10.825 WARN  --- io.undertow.websockets.jsr --- io.undertow.websockets.jsr:68:
UT026010: Buffer pool was not set on WebSocketDeploymentInfo, the default pool will be used
2019-11-21 11:10:10.839 INFO  --- io.undertow.servlet --- io.undertow.servlet:364:
Initializing Spring embedded WebApplicationContext
2019-11-21 11:10:10.840 INFO  --- o.s.web.context.ContextLoader --- org.springframework.web.context.ContextLoader:284:
Root WebApplicationContext: initialization completed in 1451 ms
2019-11-21 11:10:11.574 INFO  --- o.s.b.a.e.w.ServletEndpointRegistrar --- org.springframework.boot.actuate.endpoint.web.ServletEndpointRegistrar:74:
Registered '/actuator/jolokia' to jolokia-actuator-endpoint
2019-11-21 11:10:12.166 INFO  --- o.s.b.a.e.web.EndpointLinksResolver --- org.springframework.boot.actuate.endpoint.web.EndpointLinksResolver:58:
Exposing 17 endpoint(s) beneath base path '/actuator'
2019-11-21 11:10:12.389 INFO  --- o.s.s.web.DefaultSecurityFilterChain --- org.springframework.security.web.DefaultSecurityFilterChain:43:
Creating filter chain: any request, [org.springframework.security.web.context.request.async.WebAsyncManagerIntegrationFilter@74eec640, org.springframework.security.web.context.SecurityContextPersistenceFilter@77cddc0c, org.springframework.security.web.header.HeaderWriterFilter@1f39269d, org.springframework.security.web.authentication.logout.LogoutFilter@54b44879, com.zygh.webapi.security.JwtAuthenticationTokenFilter@120aa40b, org.springframework.security.web.savedrequest.RequestCacheAwareFilter@774f2992, org.springframework.security.web.servletapi.SecurityContextHolderAwareRequestFilter@674184d, org.springframework.security.web.authentication.AnonymousAuthenticationFilter@3973b6d4, org.springframework.security.web.session.SessionManagementFilter@47eaf55c, org.springframework.security.web.access.ExceptionTranslationFilter@5bb7a59, org.springframework.security.web.access.intercept.FilterSecurityInterceptor@726a8729]
2019-11-21 11:10:12.399 INFO  --- s.d.s.w.PropertySourcedRequestMappingHandlerMapping --- springfox.documentation.spring.web.PropertySourcedRequestMappingHandlerMapping:69:
Mapped URL path [/v2/api-docs] onto method [public org.springframework.http.ResponseEntity<springfox.documentation.spring.web.json.Json> springfox.documentation.swagger2.web.Swagger2Controller.getDocumentation(java.lang.String,javax.servlet.http.HttpServletRequest)]
2019-11-21 11:10:12.411 INFO  --- o.s.s.c.ThreadPoolTaskExecutor --- org.springframework.scheduling.concurrent.ThreadPoolTaskExecutor:171:
Initializing ExecutorService
2019-11-21 11:10:12.412 INFO  --- o.s.s.c.ThreadPoolTaskExecutor --- org.springframework.scheduling.concurrent.ThreadPoolTaskExecutor:171:
Initializing ExecutorService 'taskExecutor'
2019-11-21 11:10:12.664 INFO  --- o.s.s.c.ThreadPoolTaskScheduler --- org.springframework.scheduling.concurrent.ThreadPoolTaskScheduler:171:
Initializing ExecutorService
2019-11-21 11:10:12.835 INFO  --- o.s.s.c.ThreadPoolTaskScheduler --- org.springframework.scheduling.concurrent.ThreadPoolTaskScheduler:171:
Initializing ExecutorService 'taskScheduler'
2019-11-21 11:10:12.886 INFO  --- s.d.s.w.p.DocumentationPluginsBootstrapper --- springfox.documentation.spring.web.plugins.DocumentationPluginsBootstrapper:160:
Context refreshed
2019-11-21 11:10:12.896 INFO  --- s.d.s.w.p.DocumentationPluginsBootstrapper --- springfox.documentation.spring.web.plugins.DocumentationPluginsBootstrapper:163:
Found 1 custom documentation plugin(s)
2019-11-21 11:10:12.921 INFO  --- s.d.s.w.s.ApiListingReferenceScanner --- springfox.documentation.spring.web.scanners.ApiListingReferenceScanner:41:
Scanning for api listing references
2019-11-21 11:10:13.026 INFO  --- s.d.s.w.r.o.CachingOperationNameGenerator --- springfox.documentation.spring.web.readers.operation.CachingOperationNameGenerator:40:
Generating unique operation named: getListUsingGET_1
2019-11-21 11:10:13.032 INFO  --- s.d.s.w.r.o.CachingOperationNameGenerator --- springfox.documentation.spring.web.readers.operation.CachingOperationNameGenerator:40:
Generating unique operation named: addUsingPOST_1
2019-11-21 11:10:13.034 INFO  --- s.d.s.w.r.o.CachingOperationNameGenerator --- springfox.documentation.spring.web.readers.operation.CachingOperationNameGenerator:40:
Generating unique operation named: getListUsingGET_2
2019-11-21 11:10:13.036 INFO  --- s.d.s.w.r.o.CachingOperationNameGenerator --- springfox.documentation.spring.web.readers.operation.CachingOperationNameGenerator:40:
Generating unique operation named: removeUsingPOST_1
2019-11-21 11:10:13.037 INFO  --- s.d.s.w.r.o.CachingOperationNameGenerator --- springfox.documentation.spring.web.readers.operation.CachingOperationNameGenerator:40:
Generating unique operation named: updateUsingPOST_1
2019-11-21 11:10:13.040 INFO  --- s.d.s.w.r.o.CachingOperationNameGenerator --- springfox.documentation.spring.web.readers.operation.CachingOperationNameGenerator:40:
Generating unique operation named: addUsingPOST_2
2019-11-21 11:10:13.043 INFO  --- s.d.s.w.r.o.CachingOperationNameGenerator --- springfox.documentation.spring.web.readers.operation.CachingOperationNameGenerator:40:
Generating unique operation named: getListUsingGET_3
2019-11-21 11:10:13.045 INFO  --- s.d.s.w.r.o.CachingOperationNameGenerator --- springfox.documentation.spring.web.readers.operation.CachingOperationNameGenerator:40:
Generating unique operation named: updateUsingPOST_2
2019-11-21 11:10:13.047 INFO  --- s.d.s.w.r.o.CachingOperationNameGenerator --- springfox.documentation.spring.web.readers.operation.CachingOperationNameGenerator:40:
Generating unique operation named: addUsingPOST_3
2019-11-21 11:10:13.049 INFO  --- s.d.s.w.r.o.CachingOperationNameGenerator --- springfox.documentation.spring.web.readers.operation.CachingOperationNameGenerator:40:
Generating unique operation named: getListUsingGET_4
2019-11-21 11:10:13.050 INFO  --- s.d.s.w.r.o.CachingOperationNameGenerator --- springfox.documentation.spring.web.readers.operation.CachingOperationNameGenerator:40:
Generating unique operation named: removeUsingPOST_2
2019-11-21 11:10:13.052 INFO  --- s.d.s.w.r.o.CachingOperationNameGenerator --- springfox.documentation.spring.web.readers.operation.CachingOperationNameGenerator:40:
Generating unique operation named: updateUsingPOST_3
2019-11-21 11:10:13.078 INFO  --- s.d.s.w.r.o.CachingOperationNameGenerator --- springfox.documentation.spring.web.readers.operation.CachingOperationNameGenerator:40:
Generating unique operation named: addUsingPOST_4
2019-11-21 11:10:13.081 INFO  --- s.d.s.w.r.o.CachingOperationNameGenerator --- springfox.documentation.spring.web.readers.operation.CachingOperationNameGenerator:40:
Generating unique operation named: getListUsingGET_5
2019-11-21 11:10:13.084 INFO  --- s.d.s.w.r.o.CachingOperationNameGenerator --- springfox.documentation.spring.web.readers.operation.CachingOperationNameGenerator:40:
Generating unique operation named: addUsingPOST_5
2019-11-21 11:10:13.085 INFO  --- s.d.s.w.r.o.CachingOperationNameGenerator --- springfox.documentation.spring.web.readers.operation.CachingOperationNameGenerator:40:
Generating unique operation named: getListUsingGET_6
2019-11-21 11:10:13.086 INFO  --- s.d.s.w.r.o.CachingOperationNameGenerator --- springfox.documentation.spring.web.readers.operation.CachingOperationNameGenerator:40:
Generating unique operation named: removeUsingPOST_3
2019-11-21 11:10:13.087 INFO  --- s.d.s.w.r.o.CachingOperationNameGenerator --- springfox.documentation.spring.web.readers.operation.CachingOperationNameGenerator:40:
Generating unique operation named: updateUsingPOST_4
2019-11-21 11:10:13.089 INFO  --- s.d.s.w.r.o.CachingOperationNameGenerator --- springfox.documentation.spring.web.readers.operation.CachingOperationNameGenerator:40:
Generating unique operation named: addUsingPOST_6
2019-11-21 11:10:13.091 INFO  --- s.d.s.w.r.o.CachingOperationNameGenerator --- springfox.documentation.spring.web.readers.operation.CachingOperationNameGenerator:40:
Generating unique operation named: getListUsingGET_7
2019-11-21 11:10:13.092 INFO  --- s.d.s.w.r.o.CachingOperationNameGenerator --- springfox.documentation.spring.web.readers.operation.CachingOperationNameGenerator:40:
Generating unique operation named: updateUsingPOST_5
2019-11-21 11:10:13.095 INFO  --- s.d.s.w.r.o.CachingOperationNameGenerator --- springfox.documentation.spring.web.readers.operation.CachingOperationNameGenerator:40:
Generating unique operation named: checkLicenseNumberUsingGET_1
2019-11-21 11:10:13.096 INFO  --- s.d.s.w.r.o.CachingOperationNameGenerator --- springfox.documentation.spring.web.readers.operation.CachingOperationNameGenerator:40:
Generating unique operation named: countUsingPOST_1
2019-11-21 11:10:13.097 INFO  --- s.d.s.w.r.o.CachingOperationNameGenerator --- springfox.documentation.spring.web.readers.operation.CachingOperationNameGenerator:40:
Generating unique operation named: getUsingGET_1
2019-11-21 11:10:13.098 INFO  --- s.d.s.w.r.o.CachingOperationNameGenerator --- springfox.documentation.spring.web.readers.operation.CachingOperationNameGenerator:40:
Generating unique operation named: getByIdUsingGET_1
2019-11-21 11:10:13.100 INFO  --- s.d.s.w.r.o.CachingOperationNameGenerator --- springfox.documentation.spring.web.readers.operation.CachingOperationNameGenerator:40:
Generating unique operation named: getNextUsingGET_1
2019-11-21 11:10:13.101 INFO  --- s.d.s.w.r.o.CachingOperationNameGenerator --- springfox.documentation.spring.web.readers.operation.CachingOperationNameGenerator:40:
Generating unique operation named: getPrevUsingGET_1
2019-11-21 11:10:13.102 INFO  --- s.d.s.w.r.o.CachingOperationNameGenerator --- springfox.documentation.spring.web.readers.operation.CachingOperationNameGenerator:40:
Generating unique operation named: invalidUsingPOST_1
2019-11-21 11:10:13.103 INFO  --- s.d.s.w.r.o.CachingOperationNameGenerator --- springfox.documentation.spring.web.readers.operation.CachingOperationNameGenerator:40:
Generating unique operation named: passUsingPOST_1
2019-11-21 11:10:13.105 INFO  --- s.d.s.w.r.o.CachingOperationNameGenerator --- springfox.documentation.spring.web.readers.operation.CachingOperationNameGenerator:40:
Generating unique operation named: pickupUsingPOST_1
2019-11-21 11:10:13.105 INFO  --- s.d.s.w.r.o.CachingOperationNameGenerator --- springfox.documentation.spring.web.readers.operation.CachingOperationNameGenerator:40:
Generating unique operation named: queryFilterUsingPOST_1
2019-11-21 11:10:13.106 INFO  --- s.d.s.w.r.o.CachingOperationNameGenerator --- springfox.documentation.spring.web.readers.operation.CachingOperationNameGenerator:40:
Generating unique operation named: querySearchUsingPOST_1
2019-11-21 11:10:13.107 INFO  --- s.d.s.w.r.o.CachingOperationNameGenerator --- springfox.documentation.spring.web.readers.operation.CachingOperationNameGenerator:40:
Generating unique operation named: releaseUsingPOST_1
2019-11-21 11:10:13.108 INFO  --- s.d.s.w.r.o.CachingOperationNameGenerator --- springfox.documentation.spring.web.readers.operation.CachingOperationNameGenerator:40:
Generating unique operation named: todayCountUsingGET_1
2019-11-21 11:10:13.117 INFO  --- s.d.s.w.r.o.CachingOperationNameGenerator --- springfox.documentation.spring.web.readers.operation.CachingOperationNameGenerator:40:
Generating unique operation named: updateLicenseNumberUsingPOST_1
2019-11-21 11:10:13.119 INFO  --- s.d.s.w.r.o.CachingOperationNameGenerator --- springfox.documentation.spring.web.readers.operation.CachingOperationNameGenerator:40:
Generating unique operation named: addUsingPOST_7
2019-11-21 11:10:13.120 INFO  --- s.d.s.w.r.o.CachingOperationNameGenerator --- springfox.documentation.spring.web.readers.operation.CachingOperationNameGenerator:40:
Generating unique operation named: getListUsingGET_8
2019-11-21 11:10:13.121 INFO  --- s.d.s.w.r.o.CachingOperationNameGenerator --- springfox.documentation.spring.web.readers.operation.CachingOperationNameGenerator:40:
Generating unique operation named: updateUsingPOST_6
2019-11-21 11:10:13.123 INFO  --- s.d.s.w.r.o.CachingOperationNameGenerator --- springfox.documentation.spring.web.readers.operation.CachingOperationNameGenerator:40:
Generating unique operation named: addUsingPOST_8
2019-11-21 11:10:13.124 INFO  --- s.d.s.w.r.o.CachingOperationNameGenerator --- springfox.documentation.spring.web.readers.operation.CachingOperationNameGenerator:40:
Generating unique operation named: getListUsingGET_9
2019-11-21 11:10:13.125 INFO  --- s.d.s.w.r.o.CachingOperationNameGenerator --- springfox.documentation.spring.web.readers.operation.CachingOperationNameGenerator:40:
Generating unique operation named: updateUsingPOST_7
2019-11-21 11:10:13.127 INFO  --- s.d.s.w.r.o.CachingOperationNameGenerator --- springfox.documentation.spring.web.readers.operation.CachingOperationNameGenerator:40:
Generating unique operation named: addUsingPOST_9
2019-11-21 11:10:13.128 INFO  --- s.d.s.w.r.o.CachingOperationNameGenerator --- springfox.documentation.spring.web.readers.operation.CachingOperationNameGenerator:40:
Generating unique operation named: getListUsingGET_10
2019-11-21 11:10:13.129 INFO  --- s.d.s.w.r.o.CachingOperationNameGenerator --- springfox.documentation.spring.web.readers.operation.CachingOperationNameGenerator:40:
Generating unique operation named: updateUsingPOST_8
2019-11-21 11:10:13.133 INFO  --- s.d.s.w.r.o.CachingOperationNameGenerator --- springfox.documentation.spring.web.readers.operation.CachingOperationNameGenerator:40:
Generating unique operation named: addUsingPOST_10
2019-11-21 11:10:13.134 INFO  --- s.d.s.w.r.o.CachingOperationNameGenerator --- springfox.documentation.spring.web.readers.operation.CachingOperationNameGenerator:40:
Generating unique operation named: getListUsingGET_11
2019-11-21 11:10:13.135 INFO  --- s.d.s.w.r.o.CachingOperationNameGenerator --- springfox.documentation.spring.web.readers.operation.CachingOperationNameGenerator:40:
Generating unique operation named: updateUsingPOST_9
2019-11-21 11:10:13.136 INFO  --- s.d.s.w.r.o.CachingOperationNameGenerator --- springfox.documentation.spring.web.readers.operation.CachingOperationNameGenerator:40:
Generating unique operation named: getUsingGET_2
2019-11-21 11:10:13.139 INFO  --- s.d.s.w.r.o.CachingOperationNameGenerator --- springfox.documentation.spring.web.readers.operation.CachingOperationNameGenerator:40:
Generating unique operation named: addUsingPOST_11
2019-11-21 11:10:13.141 INFO  --- s.d.s.w.r.o.CachingOperationNameGenerator --- springfox.documentation.spring.web.readers.operation.CachingOperationNameGenerator:40:
Generating unique operation named: checkUsingGET_1
2019-11-21 11:10:13.142 INFO  --- s.d.s.w.r.o.CachingOperationNameGenerator --- springfox.documentation.spring.web.readers.operation.CachingOperationNameGenerator:40:
Generating unique operation named: getListUsingGET_12
2019-11-21 11:10:13.143 INFO  --- s.d.s.w.r.o.CachingOperationNameGenerator --- springfox.documentation.spring.web.readers.operation.CachingOperationNameGenerator:40:
Generating unique operation named: searchUsingGET_1
2019-11-21 11:10:13.146 INFO  --- s.d.s.w.r.o.CachingOperationNameGenerator --- springfox.documentation.spring.web.readers.operation.CachingOperationNameGenerator:40:
Generating unique operation named: checkLicenseNumberUsingGET_2
2019-11-21 11:10:13.147 INFO  --- s.d.s.w.r.o.CachingOperationNameGenerator --- springfox.documentation.spring.web.readers.operation.CachingOperationNameGenerator:40:
Generating unique operation named: countUsingPOST_2
2019-11-21 11:10:13.148 INFO  --- s.d.s.w.r.o.CachingOperationNameGenerator --- springfox.documentation.spring.web.readers.operation.CachingOperationNameGenerator:40:
Generating unique operation named: getUsingGET_3
2019-11-21 11:10:13.149 INFO  --- s.d.s.w.r.o.CachingOperationNameGenerator --- springfox.documentation.spring.web.readers.operation.CachingOperationNameGenerator:40:
Generating unique operation named: getByIdUsingGET_2
2019-11-21 11:10:13.150 INFO  --- s.d.s.w.r.o.CachingOperationNameGenerator --- springfox.documentation.spring.web.readers.operation.CachingOperationNameGenerator:40:
Generating unique operation named: getNextUsingGET_2
2019-11-21 11:10:13.151 INFO  --- s.d.s.w.r.o.CachingOperationNameGenerator --- springfox.documentation.spring.web.readers.operation.CachingOperationNameGenerator:40:
Generating unique operation named: getPrevUsingGET_2
2019-11-21 11:10:13.152 INFO  --- s.d.s.w.r.o.CachingOperationNameGenerator --- springfox.documentation.spring.web.readers.operation.CachingOperationNameGenerator:40:
Generating unique operation named: invalidUsingPOST_2
2019-11-21 11:10:13.153 INFO  --- s.d.s.w.r.o.CachingOperationNameGenerator --- springfox.documentation.spring.web.readers.operation.CachingOperationNameGenerator:40:
Generating unique operation named: passUsingPOST_2
2019-11-21 11:10:13.154 INFO  --- s.d.s.w.r.o.CachingOperationNameGenerator --- springfox.documentation.spring.web.readers.operation.CachingOperationNameGenerator:40:
Generating unique operation named: pickupUsingPOST_2
2019-11-21 11:10:13.155 INFO  --- s.d.s.w.r.o.CachingOperationNameGenerator --- springfox.documentation.spring.web.readers.operation.CachingOperationNameGenerator:40:
Generating unique operation named: queryFilterUsingPOST_2
2019-11-21 11:10:13.156 INFO  --- s.d.s.w.r.o.CachingOperationNameGenerator --- springfox.documentation.spring.web.readers.operation.CachingOperationNameGenerator:40:
Generating unique operation named: querySearchUsingPOST_2
2019-11-21 11:10:13.157 INFO  --- s.d.s.w.r.o.CachingOperationNameGenerator --- springfox.documentation.spring.web.readers.operation.CachingOperationNameGenerator:40:
Generating unique operation named: releaseUsingPOST_2
2019-11-21 11:10:13.158 INFO  --- s.d.s.w.r.o.CachingOperationNameGenerator --- springfox.documentation.spring.web.readers.operation.CachingOperationNameGenerator:40:
Generating unique operation named: todayCountUsingGET_2
2019-11-21 11:10:13.159 INFO  --- s.d.s.w.r.o.CachingOperationNameGenerator --- springfox.documentation.spring.web.readers.operation.CachingOperationNameGenerator:40:
Generating unique operation named: updateLicenseNumberUsingPOST_2
2019-11-21 11:10:13.161 INFO  --- s.d.s.w.r.o.CachingOperationNameGenerator --- springfox.documentation.spring.web.readers.operation.CachingOperationNameGenerator:40:
Generating unique operation named: getListUsingGET_13
2019-11-21 11:10:13.171 INFO  --- s.d.s.w.r.o.CachingOperationNameGenerator --- springfox.documentation.spring.web.readers.operation.CachingOperationNameGenerator:40:
Generating unique operation named: getListUsingGET_14
2019-11-21 11:10:13.174 INFO  --- s.d.s.w.r.o.CachingOperationNameGenerator --- springfox.documentation.spring.web.readers.operation.CachingOperationNameGenerator:40:
Generating unique operation named: updateUserUsingPOST_1
2019-11-21 11:10:13.177 INFO  --- s.d.s.w.r.o.CachingOperationNameGenerator --- springfox.documentation.spring.web.readers.operation.CachingOperationNameGenerator:40:
Generating unique operation named: getListUsingGET_15
2019-11-21 11:10:13.178 INFO  --- s.d.s.w.r.o.CachingOperationNameGenerator --- springfox.documentation.spring.web.readers.operation.CachingOperationNameGenerator:40:
Generating unique operation named: updateDepartmentUsingPOST_1
2019-11-21 11:10:13.180 INFO  --- s.d.s.w.r.o.CachingOperationNameGenerator --- springfox.documentation.spring.web.readers.operation.CachingOperationNameGenerator:40:
Generating unique operation named: addUsingPOST_12
2019-11-21 11:10:13.182 INFO  --- s.d.s.w.r.o.CachingOperationNameGenerator --- springfox.documentation.spring.web.readers.operation.CachingOperationNameGenerator:40:
Generating unique operation named: removeUsingPOST_4
2019-11-21 11:10:13.183 INFO  --- s.d.s.w.r.o.CachingOperationNameGenerator --- springfox.documentation.spring.web.readers.operation.CachingOperationNameGenerator:40:
Generating unique operation named: updateUsingPOST_10
2019-11-21 11:10:13.202 INFO  --- s.d.s.w.r.o.CachingOperationNameGenerator --- springfox.documentation.spring.web.readers.operation.CachingOperationNameGenerator:40:
Generating unique operation named: getUsingGET_4
2019-11-21 11:10:13.203 INFO  --- s.d.s.w.r.o.CachingOperationNameGenerator --- springfox.documentation.spring.web.readers.operation.CachingOperationNameGenerator:40:
Generating unique operation named: getNextUsingGET_3
2019-11-21 11:10:13.203 INFO  --- s.d.s.w.r.o.CachingOperationNameGenerator --- springfox.documentation.spring.web.readers.operation.CachingOperationNameGenerator:40:
Generating unique operation named: getPrevUsingGET_3
2019-11-21 11:10:13.205 INFO  --- s.d.s.w.r.o.CachingOperationNameGenerator --- springfox.documentation.spring.web.readers.operation.CachingOperationNameGenerator:40:
Generating unique operation named: addUsingPOST_13
2019-11-21 11:10:13.207 INFO  --- s.d.s.w.r.o.CachingOperationNameGenerator --- springfox.documentation.spring.web.readers.operation.CachingOperationNameGenerator:40:
Generating unique operation named: getListUsingGET_16
2019-11-21 11:10:13.209 INFO  --- s.d.s.w.r.o.CachingOperationNameGenerator --- springfox.documentation.spring.web.readers.operation.CachingOperationNameGenerator:40:
Generating unique operation named: getUsingGET_5
2019-11-21 11:10:13.210 INFO  --- s.d.s.w.r.o.CachingOperationNameGenerator --- springfox.documentation.spring.web.readers.operation.CachingOperationNameGenerator:40:
Generating unique operation named: searchUsingPOST_1
2019-11-21 11:10:13.212 INFO  --- s.d.s.w.r.o.CachingOperationNameGenerator --- springfox.documentation.spring.web.readers.operation.CachingOperationNameGenerator:40:
Generating unique operation named: addUsingPOST_14
2019-11-21 11:10:13.213 INFO  --- s.d.s.w.r.o.CachingOperationNameGenerator --- springfox.documentation.spring.web.readers.operation.CachingOperationNameGenerator:40:
Generating unique operation named: checkUsingGET_2
2019-11-21 11:10:13.241 INFO  --- org.xnio --- org.xnio:104:
XNIO version 3.3.8.Final
2019-11-21 11:10:13.247 INFO  --- org.xnio.nio --- org.xnio.nio:55:
XNIO NIO Implementation Version 3.3.8.Final
2019-11-21 11:10:13.306 INFO  --- o.s.b.w.e.u.UndertowServletWebServer --- org.springframework.boot.web.embedded.undertow.UndertowServletWebServer:144:
Undertow started on port(s) 8087 (http) with context path ''
2019-11-21 11:10:13.309 INFO  --- com.zygh.webapi.WebapiApplication --- com.zygh.webapi.WebapiApplication:59:
Started WebapiApplication in 24.207 seconds (JVM running for 29.593)
2019-11-21 11:10:13.345 INFO  --- com.zaxxer.hikari.HikariDataSource --- com.zaxxer.hikari.HikariDataSource:110:
DatebookHikariCP - Starting...
2019-11-21 11:10:13.347 INFO  --- io.undertow.servlet --- io.undertow.servlet:364:
Initializing Spring DispatcherServlet 'dispatcherServlet'
2019-11-21 11:10:13.347 INFO  --- o.s.web.servlet.DispatcherServlet --- org.springframework.web.servlet.DispatcherServlet:524:
Initializing Servlet 'dispatcherServlet'
2019-11-21 11:10:13.356 INFO  --- o.s.web.servlet.DispatcherServlet --- org.springframework.web.servlet.DispatcherServlet:546:
Completed initialization in 8 ms
2019-11-21 11:10:13.469 INFO  --- com.zaxxer.hikari.HikariDataSource --- com.zaxxer.hikari.HikariDataSource:123:
DatebookHikariCP - Start completed.
2019-11-21 11:10:13.594 INFO  --- io.lettuce.core.EpollProvider --- io.lettuce.core.EpollProvider:68:
Starting without optional epoll library
2019-11-21 11:10:13.595 INFO  --- io.lettuce.core.KqueueProvider --- io.lettuce.core.KqueueProvider:70:
Starting without optional kqueue library
2019-11-21 11:10:33.514 INFO  --- d.c.b.a.c.r.ApplicationRegistrator --- de.codecentric.boot.admin.client.registration.ApplicationRegistrator:98:
Application registered itself as 258adf9d1b4c
2019-11-21 11:27:56.992 INFO  --- o.s.s.c.ThreadPoolTaskScheduler --- org.springframework.scheduling.concurrent.ThreadPoolTaskScheduler:208:
Shutting down ExecutorService 'taskScheduler'
2019-11-21 11:27:56.996 INFO  --- o.s.s.c.ThreadPoolTaskScheduler --- org.springframework.scheduling.concurrent.ThreadPoolTaskScheduler:208:
Shutting down ExecutorService
2019-11-21 11:27:56.999 INFO  --- o.s.s.c.ThreadPoolTaskExecutor --- org.springframework.scheduling.concurrent.ThreadPoolTaskExecutor:208:
Shutting down ExecutorService 'taskExecutor'
2019-11-21 11:27:57.003 INFO  --- com.zaxxer.hikari.HikariDataSource --- com.zaxxer.hikari.HikariDataSource:350:
DatebookHikariCP - Shutdown initiated...
2019-11-21 11:27:57.005 INFO  --- com.zaxxer.hikari.HikariDataSource --- com.zaxxer.hikari.HikariDataSource:352:
DatebookHikariCP - Shutdown completed.
2019-11-21 11:27:58.138 INFO  --- io.undertow.servlet --- io.undertow.servlet:364:
Destroying Spring FrameworkServlet 'dispatcherServlet'
